  object.cpp
  map.cpp
  main.cpp
c:\users\liming\documents\visual studio 2015\projects\tetris.beta0.8\tetris.beta0.8\tetris\main.cpp(662): warning C4566: character represented by universal-character-name '\u4E49' cannot be represented in the current code page (949)
c:\users\liming\documents\visual studio 2015\projects\tetris.beta0.8\tetris.beta0.8\tetris\main.cpp(662): warning C4566: character represented by universal-character-name '\u4F53' cannot be represented in the current code page (949)
c:\users\liming\documents\visual studio 2015\projects\tetris.beta0.8\tetris.beta0.8\tetris\main.cpp(544): warning C4101: 'ps': unreferenced local variable
  graphicengine.cpp
c:\users\liming\documents\visual studio 2015\projects\tetris.beta0.8\tetris.beta0.8\tetris\graphicengine.cpp(18): warning C4996: 'fopen': This function or variable may be unsafe. Consider using fopen_s instead. To disable deprecation, use _CRT_SECURE_NO_WARNINGS. See online help for details.
  c:\program files (x86)\windows kits\10\include\10.0.10240.0\ucrt\stdio.h(205): note: see declaration of 'fopen'
c:\users\liming\documents\visual studio 2015\projects\tetris.beta0.8\tetris.beta0.8\tetris\graphicengine.cpp(131): warning C4996: 'fopen': This function or variable may be unsafe. Consider using fopen_s instead. To disable deprecation, use _CRT_SECURE_NO_WARNINGS. See online help for details.
  c:\program files (x86)\windows kits\10\include\10.0.10240.0\ucrt\stdio.h(205): note: see declaration of 'fopen'
  Button.cpp
c:\users\liming\documents\visual studio 2015\projects\tetris.beta0.8\tetris.beta0.8\tetris\button.cpp(21): warning C4800: 'BOOL': forcing value to bool 'true' or 'false' (performance warning)
c:\users\liming\documents\visual studio 2015\projects\tetris.beta0.8\tetris.beta0.8\tetris\button.cpp(24): warning C4800: 'BOOL': forcing value to bool 'true' or 'false' (performance warning)
c:\users\liming\documents\visual studio 2015\projects\tetris.beta0.8\tetris.beta0.8\tetris\button.cpp(37): warning C4800: 'BOOL': forcing value to bool 'true' or 'false' (performance warning)
c:\users\liming\documents\visual studio 2015\projects\tetris.beta0.8\tetris.beta0.8\tetris\button.cpp(40): warning C4800: 'BOOL': forcing value to bool 'true' or 'false' (performance warning)
  function.cpp
  block.cpp
  Generating Code...
c:\users\liming\documents\visual studio 2015\projects\tetris.beta0.8\tetris.beta0.8\tetris\function.cpp(248): warning C4715: 'CanRotate': not all control paths return a value
c:\users\liming\documents\visual studio 2015\projects\tetris.beta0.8\tetris.beta0.8\tetris\button.cpp(43): warning C4715: 'button::display_button': not all control paths return a value
c:\users\liming\documents\visual studio 2015\projects\tetris.beta0.8\tetris.beta0.8\tetris\button.cpp(27): warning C4715: 'button::display_button': not all control paths return a value
c:\users\liming\documents\visual studio 2015\projects\tetris.beta0.8\tetris.beta0.8\tetris\main.cpp(384): warning C4715: '__randblocktype': not all control paths return a value
c:\users\liming\documents\visual studio 2015\projects\tetris.beta0.8\tetris.beta0.8\tetris\map.cpp(98): warning C4715: 'map::_gameover': not all control paths return a value
  tetris.vcxproj -> C:\Users\LiMing\Documents\Visual Studio 2015\Projects\tetris.beta0.8\tetris.beta0.8\x64\Debug\tetris.exe
  tetris.vcxproj -> C:\Users\LiMing\Documents\Visual Studio 2015\Projects\tetris.beta0.8\tetris.beta0.8\x64\Debug\tetris.pdb (Full PDB)
