c:\users\liming\desktop\20180202\tetris\tetris\x64\debug\vc140.pdb
c:\users\liming\desktop\20180202\tetris\tetris\x64\debug\vc140.idb
c:\users\liming\desktop\20180202\tetris\tetris\x64\debug\block.obj
c:\users\liming\desktop\20180202\tetris\tetris\x64\debug\function.obj
c:\users\liming\desktop\20180202\tetris\tetris\x64\debug\gameui.obj
c:\users\liming\desktop\20180202\tetris\tetris\x64\debug\graphicengine.obj
c:\users\liming\desktop\20180202\tetris\tetris\x64\debug\main.obj
c:\users\liming\desktop\20180202\tetris\tetris\x64\debug\map.obj
c:\users\liming\desktop\20180202\tetris\tetris\x64\debug\block.obj.enc
c:\users\liming\desktop\20180202\tetris\tetris\x64\debug\main.obj.enc
c:\users\liming\desktop\20180202\tetris\tetris\x64\debug\map.obj.enc
c:\users\liming\desktop\20180202\tetris\x64\debug\tetris.pdb
c:\users\liming\desktop\20180202\tetris\tetris\x64\debug\tetris.tlog\cl.command.1.tlog
c:\users\liming\desktop\20180202\tetris\tetris\x64\debug\tetris.tlog\cl.read.1.tlog
c:\users\liming\desktop\20180202\tetris\tetris\x64\debug\tetris.tlog\cl.write.1.tlog
c:\users\liming\desktop\20180202\tetris\tetris\x64\debug\tetris.tlog\link.8740-cvtres.read.1.tlog
c:\users\liming\desktop\20180202\tetris\tetris\x64\debug\tetris.tlog\link.8740-cvtres.write.1.tlog
c:\users\liming\desktop\20180202\tetris\tetris\x64\debug\tetris.tlog\link.8740-rc.read.1.tlog
c:\users\liming\desktop\20180202\tetris\tetris\x64\debug\tetris.tlog\link.8740-rc.write.1.tlog
c:\users\liming\desktop\20180202\tetris\tetris\x64\debug\tetris.tlog\link.8740.read.1.tlog
c:\users\liming\desktop\20180202\tetris\tetris\x64\debug\tetris.tlog\link.8740.write.1.tlog
c:\users\liming\desktop\20180202\tetris\tetris\x64\debug\tetris.tlog\link.command.1.tlog
c:\users\liming\desktop\20180202\tetris\tetris\x64\debug\tetris.tlog\link.read.1.tlog
c:\users\liming\desktop\20180202\tetris\tetris\x64\debug\tetris.tlog\link.write.1.tlog
